[    0.000000] Linux version 4.15.0-169-generic (buildd@lcy02-amd64-015) (gcc version 7.5.0 (Ubuntu 7.5.0-3ubuntu1~18.04)) #177-Ubuntu SMP Thu Feb 3 10:50:38 UTC 2022 (Ubuntu 4.15.0-169.177-generic 4.15.18)
[    0.000000] Command line: BOOT_IMAGE=/boot/vmlinuz-4.15.0-169-generic root=LABEL=cloudimg-rootfs ro console=tty1 console=ttyS0
[    0.000000] KERNEL supported cpus:
[    0.000000]   Intel GenuineIntel
[    0.000000]   AMD AuthenticAMD
[    0.000000]   Centaur CentaurHauls
[    0.000000] [Firmware Bug]: TSC doesn't count with P0 frequency!
[    0.000000] x86/fpu: Supporting XSAVE feature 0x001: 'x87 floating point registers'
[    0.000000] x86/fpu: Supporting XSAVE feature 0x002: 'SSE registers'
[    0.000000] x86/fpu: Supporting XSAVE feature 0x004: 'AVX registers'
[    0.000000] x86/fpu: xstate_offset[2]:  576, xstate_sizes[2]:  256
[    0.000000] x86/fpu: Enabled xstate features 0x7, context size is 832 bytes, using 'standard' format.
[    0.000000] e820: BIOS-provided physical RAM map:
[    0.000000] BIOS-e820: [mem 0x0000000000000000-0x000000000009fbff] usable
[    0.000000] BIOS-e820: [mem 0x000000000009fc00-0x000000000009ffff] reserved
[    0.000000] BIOS-e820: [mem 0x00000000000f0000-0x00000000000fffff] reserved
[    0.000000] BIOS-e820: [mem 0x0000000000100000-0x000000007ffeffff] usable
[    0.000000] BIOS-e820: [mem 0x000000007fff0000-0x000000007fffffff] ACPI data
[    0.000000] BIOS-e820: [mem 0x00000000fec00000-0x00000000fec00fff] reserved
[    0.000000] BIOS-e820: [mem 0x00000000fee00000-0x00000000fee00fff] reserved
[    0.000000] BIOS-e820: [mem 0x00000000fffc0000-0x00000000ffffffff] reserved
[    0.000000] NX (Execute Disable) protection: active
[    0.000000] SMBIOS 2.5 present.
[    0.000000] DMI: innotek GmbH VirtualBox/VirtualBox, BIOS VirtualBox 12/01/2006
[    0.000000] Hypervisor detected: KVM
[    0.000000] e820: last_pfn = 0x7fff0 max_arch_pfn = 0x400000000
[    0.000000] MTRR: Disabled
[    0.000000] x86/PAT: MTRRs disabled, skipping PAT initialization too.
[    0.000000] CPU MTRRs all blank - virtualized system.
[    0.000000] x86/PAT: Configuration [0-7]: WB  WT  UC- UC  WB  WT  UC- UC  
[    0.000000] found SMP MP-table at [mem 0x0009fff0-0x0009ffff]
[    0.000000] Scanning 1 areas for low memory corruption
[    0.000000] RAMDISK: [mem 0x359cb000-0x36cdcfff]
[    0.000000] ACPI: Early table checksum verification disabled
[    0.000000] ACPI: RSDP 0x00000000000E0000 000024 (v02 VBOX  )
[    0.000000] ACPI: XSDT 0x000000007FFF0030 00003C (v01 VBOX   VBOXXSDT 00000001 ASL  00000061)
[    0.000000] ACPI: FACP 0x000000007FFF00F0 0000F4 (v04 VBOX   VBOXFACP 00000001 ASL  00000061)
[    0.000000] ACPI: DSDT 0x000000007FFF0470 002325 (v02 VBOX   VBOXBIOS 00000002 INTL 20100528)
[    0.000000] ACPI: FACS 0x000000007FFF0200 000040
[    0.000000] ACPI: FACS 0x000000007FFF0200 000040
[    0.000000] ACPI: APIC 0x000000007FFF0240 00005C (v02 VBOX   VBOXAPIC 00000001 ASL  00000061)
[    0.000000] ACPI: SSDT 0x000000007FFF02A0 0001CC (v01 VBOX   VBOXCPUT 00000002 INTL 20100528)
[    0.000000] ACPI: Reserving FACP table memory at [mem 0x7fff00f0-0x7fff01e3]
[    0.000000] ACPI: Reserving DSDT table memory at [mem 0x7fff0470-0x7fff2794]
[    0.000000] ACPI: Reserving FACS table memory at [mem 0x7fff0200-0x7fff023f]
[    0.000000] ACPI: Reserving FACS table memory at [mem 0x7fff0200-0x7fff023f]
[    0.000000] ACPI: Reserving APIC table memory at [mem 0x7fff0240-0x7fff029b]
[    0.000000] ACPI: Reserving SSDT table memory at [mem 0x7fff02a0-0x7fff046b]
[    0.000000] No NUMA configuration found
[    0.000000] Faking a node at [mem 0x0000000000000000-0x000000007ffeffff]
[    0.000000] NODE_DATA(0) allocated [mem 0x7ffc5000-0x7ffeffff]
[    0.000000] kvm-clock: cpu 0, msr 0:7ff44001, primary cpu clock
[    0.000000] kvm-clock: Using msrs 4b564d01 and 4b564d00
[    0.000000] kvm-clock: using sched offset of 5607447042 cycles
[    0.000000] clocksource: kvm-clock: mask: 0xffffffffffffffff max_cycles: 0x1cd42e4dffb, max_idle_ns: 881590591483 ns
[    0.000000] Zone ranges:
[    0.000000]   DMA      [mem 0x0000000000001000-0x0000000000ffffff]
[    0.000000]   DMA32    [mem 0x0000000001000000-0x000000007ffeffff]
[    0.000000]   Normal   empty
[    0.000000]   Device   empty
[    0.000000] Movable zone start for each node
[    0.000000] Early memory node ranges
[    0.000000]   node   0: [mem 0x0000000000001000-0x000000000009efff]
[    0.000000]   node   0: [mem 0x0000000000100000-0x000000007ffeffff]
[    0.000000] Reserved but unavailable: 104 pages
[    0.000000] Initmem setup node 0 [mem 0x0000000000001000-0x000000007ffeffff]
[    0.000000] ACPI: PM-Timer IO Port: 0x4008
[    0.000000] IOAPIC[0]: apic_id 2, version 32, address 0xfec00000, GSI 0-23
[    0.000000] ACPI: INT_SRC_OVR (bus 0 bus_irq 0 global_irq 2 dfl dfl)
[    0.000000] ACPI: INT_SRC_OVR (bus 0 bus_irq 9 global_irq 9 low level)
[    0.000000] Using ACPI (MADT) for SMP configuration information
[    0.000000] smpboot: Allowing 2 CPUs, 0 hotplug CPUs
[    0.000000] PM: Registered nosave memory: [mem 0x00000000-0x00000fff]
[    0.000000] PM: Registered nosave memory: [mem 0x0009f000-0x0009ffff]
[    0.000000] PM: Registered nosave memory: [mem 0x000a0000-0x000effff]
[    0.000000] PM: Registered nosave memory: [mem 0x000f0000-0x000fffff]
[    0.000000] e820: [mem 0x80000000-0xfebfffff] available for PCI devices
[    0.000000] Booting paravirtualized kernel on KVM
[    0.000000] clocksource: refined-jiffies: mask: 0xffffffff max_cycles: 0xffffffff, max_idle_ns: 7645519600211568 ns
[    0.000000] random: get_random_bytes called from start_kernel+0x99/0x500 with crng_init=0
[    0.000000] setup_percpu: NR_CPUS:8192 nr_cpumask_bits:2 nr_cpu_ids:2 nr_node_ids:1
[    0.000000] percpu: Embedded 50 pages/cpu s167936 r8192 d28672 u1048576
[    0.000000] PV qspinlock hash table entries: 256 (order: 0, 4096 bytes)
[    0.000000] Built 1 zonelists, mobility grouping on.  Total pages: 515961
[    0.000000] Policy zone: DMA32
[    0.000000] Kernel command line: BOOT_IMAGE=/boot/vmlinuz-4.15.0-169-generic root=LABEL=cloudimg-rootfs ro console=tty1 console=ttyS0
[    0.000000] Memory: 2014832K/2096696K available (12300K kernel code, 2483K rwdata, 4324K rodata, 2476K init, 2724K bss, 81864K reserved, 0K cma-reserved)
[    0.000000] SLUB: HWalign=64, Order=0-3, MinObjects=0, CPUs=2, Nodes=1
[    0.000000] ftrace: allocating 39500 entries in 155 pages
[    0.004000] Hierarchical RCU implementation.
[    0.004000] 	RCU restricting CPUs from NR_CPUS=8192 to nr_cpu_ids=2.
[    0.004000] 	Tasks RCU enabled.
[    0.004000] RCU: Adjusting geometry for rcu_fanout_leaf=16, nr_cpu_ids=2
[    0.004000] NR_IRQS: 524544, nr_irqs: 440, preallocated irqs: 16
[    0.004000] Console: colour VGA+ 80x25
[    0.004000] console [tty1] enabled
[    0.004000] console [ttyS0] enabled
[    0.004000] ACPI: Core revision 20170831
[    0.004000] ACPI: 2 ACPI AML tables successfully acquired and loaded
[    0.004000] APIC: Switch to symmetric I/O mode setup
[    0.004000] x2apic enabled
[    0.004000] Switched APIC routing to physical x2apic.
[    0.004000] ..TIMER: vector=0x30 apic1=0 pin1=2 apic2=-1 pin2=-1
[    0.004000] tsc: Detected 2295.688 MHz processor
[    0.004000] Calibrating delay loop (skipped) preset value.. 4591.37 BogoMIPS (lpj=9182752)
[    0.004000] pid_max: default: 32768 minimum: 301
[    0.004000] Security Framework initialized
[    0.004000] Yama: becoming mindful.
[    0.004000] AppArmor: AppArmor initialized
[    0.004000] Dentry cache hash table entries: 262144 (order: 9, 2097152 bytes)
[    0.004000] Inode-cache hash table entries: 131072 (order: 8, 1048576 bytes)
[    0.004000] Mount-cache hash table entries: 4096 (order: 3, 32768 bytes)
[    0.004000] Mountpoint-cache hash table entries: 4096 (order: 3, 32768 bytes)
[    0.004000] Last level iTLB entries: 4KB 1024, 2MB 1024, 4MB 512
[    0.004000] Last level dTLB entries: 4KB 1536, 2MB 1536, 4MB 768, 1GB 0
[    0.004000] Spectre V1 : Mitigation: usercopy/swapgs barriers and __user pointer sanitization
[    0.004000] Spectre V2 : Spectre mitigation: LFENCE not serializing, switching to generic retpoline
[    0.004000] Spectre V2 : Mitigation: Full generic retpoline
[    0.004000] Spectre V2 : Spectre v2 / SpectreRSB mitigation: Filling RSB on context switch
[    0.004000] Speculative Store Bypass: Mitigation: Speculative Store Bypass disabled via prctl and seccomp
[    0.004000] Freeing SMP alternatives memory: 36K
[    0.137230] APIC calibration not consistent with PM-Timer: 133ms instead of 100ms
[    0.139276] APIC delta adjusted to PM-Timer: 6353401 (8473652)
[    0.140075] smpboot: CPU0: AMD Ryzen 7 3700U with Radeon Vega Mobile Gfx (family: 0x17, model: 0x18, stepping: 0x1)
[    0.142348] Performance Events: PMU not available due to virtualization, using software events only.
[    0.144000] Hierarchical SRCU implementation.
[    0.144923] NMI watchdog: Perf event create on CPU 0 failed with -2
[    0.146038] NMI watchdog: Perf NMI watchdog permanently disabled
[    0.147110] smp: Bringing up secondary CPUs ...
[    0.148000] x86: Booting SMP configuration:
[    0.148007] .... node  #0, CPUs:      #1
[    0.004000] kvm-clock: cpu 1, msr 0:7ff44041, secondary cpu clock
[    0.152027] smp: Brought up 1 node, 2 CPUs
[    0.152778] smpboot: Max logical packages: 1
[    0.153546] smpboot: Total of 2 processors activated (9182.75 BogoMIPS)
[    0.156088] devtmpfs: initialized
[    0.156780] x86/mm: Memory block size: 128MB
[    0.157631] evm: security.selinux
[    0.158434] evm: security.SMACK64
[    0.159232] evm: security.SMACK64EXEC
[    0.160000] evm: security.SMACK64TRANSMUTE
[    0.160011] evm: security.SMACK64MMAP
[    0.160703] evm: security.apparmor
[    0.161350] evm: security.ima
[    0.161912] evm: security.capability
[    0.162624] clocksource: jiffies: mask: 0xffffffff max_cycles: 0xffffffff, max_idle_ns: 7645041785100000 ns
[    0.162624] futex hash table entries: 512 (order: 3, 32768 bytes)
[    0.164099] pinctrl core: initialized pinctrl subsystem
[    0.165128] RTC time: 13:25:20, date: 03/08/22
[    0.166111] NET: Registered protocol family 16
[    0.168101] audit: initializing netlink subsys (disabled)
[    0.169074] audit: type=2000 audit(1646745926.786:1): state=initialized audit_enabled=0 res=1
[    0.172080] cpuidle: using governor ladder
[    0.172837] cpuidle: using governor menu
[    0.173316] ACPI: bus type PCI registered
[    0.173316] acpiphp: ACPI Hot Plug PCI Controller Driver version: 0.5
[    0.176082] PCI: Using configuration type 1 for base access
[    0.177191] PCI: Using configuration type 1 for extended access
[    0.184070] HugeTLB registered 2.00 MiB page size, pre-allocated 0 pages
[    0.185681] ACPI: Added _OSI(Module Device)
[    0.185681] ACPI: Added _OSI(Processor Device)
[    0.185772] ACPI: Added _OSI(3.0 _SCP Extensions)
[    0.188014] ACPI: Added _OSI(Processor Aggregator Device)
[    0.188926] ACPI: Added _OSI(Linux-Dell-Video)
[    0.189746] ACPI: Added _OSI(Linux-Lenovo-NV-HDMI-Audio)
[    0.190671] ACPI: Added _OSI(Linux-HPI-Hybrid-Graphics)
[    0.191899] ACPI: Executed 1 blocks of module-level executable AML code
[    0.195287] ACPI: Interpreter enabled
[    0.195932] ACPI: (supports S0 S5)
[    0.196008] ACPI: Using IOAPIC for interrupt routing
[    0.197160] PCI: Using host bridge windows from ACPI; if necessary, use "pci=nocrs" and report a bug
[    0.199056] ACPI: Enabled 2 GPEs in block 00 to 07
[    0.205273] ACPI: PCI Root Bridge [PCI0] (domain 0000 [bus 00-ff])
[    0.206429] acpi PNP0A03:00: _OSC: OS supports [ExtendedConfig ASPM ClockPM Segments MSI]
[    0.208195] acpi PNP0A03:00: _OSC: platform does not support [PCIeCapability]
[    0.210105] acpi PNP0A03:00: _OSC: not requesting control; platform does not support [PCIeCapability]
[    0.212023] acpi PNP0A03:00: _OSC: OS requested [PCIeHotplug PME AER PCIeCapability]
[    0.214422] acpi PNP0A03:00: _OSC: platform willing to grant [PCIeHotplug PME AER]
[    0.216017] acpi PNP0A03:00: _OSC failed (AE_SUPPORT); disabling ASPM
[    0.220554] PCI host bridge to bus 0000:00
[    0.221773] pci_bus 0000:00: root bus resource [io  0x0000-0x0cf7 window]
[    0.224017] pci_bus 0000:00: root bus resource [io  0x0d00-0xffff window]
[    0.225250] pci_bus 0000:00: root bus resource [mem 0x000a0000-0x000bffff window]
[    0.226856] pci_bus 0000:00: root bus resource [mem 0x80000000-0xfdffffff window]
[    0.228016] pci_bus 0000:00: root bus resource [bus 00-ff]
[    0.232428] pci 0000:00:01.1: legacy IDE quirk: reg 0x10: [io  0x01f0-0x01f7]
[    0.233937] pci 0000:00:01.1: legacy IDE quirk: reg 0x14: [io  0x03f6]
[    0.235162] pci 0000:00:01.1: legacy IDE quirk: reg 0x18: [io  0x0170-0x0177]
[    0.236013] pci 0000:00:01.1: legacy IDE quirk: reg 0x1c: [io  0x0376]
[    0.309343] pci 0000:00:07.0: quirk: [io  0x4000-0x403f] claimed by PIIX4 ACPI
[    0.310728] pci 0000:00:07.0: quirk: [io  0x4100-0x410f] claimed by PIIX4 SMB
[    0.346464] ACPI: PCI Interrupt Link [LNKA] (IRQs 5 9 10 *11)
[    0.348293] ACPI: PCI Interrupt Link [LNKB] (IRQs 5 9 *10 11)
[    0.349198] ACPI: PCI Interrupt Link [LNKC] (IRQs 5 *9 10 11)
[    0.350123] ACPI: PCI Interrupt Link [LNKD] (IRQs 5 9 10 *11)
[    0.352373] SCSI subsystem initialized
[    0.352922] pci 0000:00:02.0: vgaarb: setting as boot VGA device
[    0.352922] pci 0000:00:02.0: vgaarb: VGA device added: decodes=io+mem,owns=io+mem,locks=none
[    0.356014] pci 0000:00:02.0: vgaarb: bridge control possible
[    0.356827] vgaarb: loaded
[    0.357274] ACPI: bus type USB registered
[    0.357911] usbcore: registered new interface driver usbfs
[    0.360018] usbcore: registered new interface driver hub
[    0.360729] usbcore: registered new device driver usb
[    0.361456] EDAC MC: Ver: 3.0.0
[    0.364078] PCI: Using ACPI for IRQ routing
[    0.364323] NetLabel: Initializing
[    0.365012] NetLabel:  domain hash size = 128
[    0.368003] NetLabel:  protocols = UNLABELED CIPSOv4 CALIPSO
[    0.368910] NetLabel:  unlabeled traffic allowed by default
[    0.372079] clocksource: Switched to clocksource kvm-clock
[    0.389896] VFS: Disk quotas dquot_6.6.0
[    0.390520] VFS: Dquot-cache hash table entries: 512 (order 0, 4096 bytes)
[    0.391626] AppArmor: AppArmor Filesystem Enabled
[    0.392266] pnp: PnP ACPI init
[    0.393911] pnp: PnP ACPI: found 3 devices
[    0.403894] clocksource: acpi_pm: mask: 0xffffff max_cycles: 0xffffff, max_idle_ns: 2085701024 ns
[    0.405621] NET: Registered protocol family 2
[    0.406256] IP idents hash table entries: 32768 (order: 6, 262144 bytes)
[    0.407393] TCP established hash table entries: 16384 (order: 5, 131072 bytes)
[    0.408351] TCP bind hash table entries: 16384 (order: 6, 262144 bytes)
[    0.410602] TCP: Hash tables configured (established 16384 bind 16384)
[    0.411629] UDP hash table entries: 1024 (order: 3, 32768 bytes)
[    0.412441] UDP-Lite hash table entries: 1024 (order: 3, 32768 bytes)
[    0.413253] NET: Registered protocol family 1
[    0.413826] pci 0000:00:00.0: Limiting direct PCI/PCI transfers
[    0.414634] pci 0000:00:01.0: Activating ISA DMA hang workarounds
[    0.415448] pci 0000:00:02.0: Video device with shadowed ROM at [mem 0x000c0000-0x000dffff]
[    0.416605] Unpacking initramfs...
[    0.728573] Freeing initrd memory: 19528K
[    0.729209] clocksource: tsc: mask: 0xffffffffffffffff max_cycles: 0x21174bd42fa, max_idle_ns: 440795291265 ns
[    0.730394] platform rtc_cmos: registered platform RTC device (no PNP device found)
[    0.731426] Scanning for low memory corruption every 60 seconds
[    0.732674] Initialise system trusted keyrings
[    0.733225] Key type blacklist registered
[    0.733809] workingset: timestamp_bits=36 max_order=19 bucket_order=0
[    0.737322] zbud: loaded
[    0.738349] squashfs: version 4.0 (2009/01/31) Phillip Lougher
[    0.739218] fuse init (API version 7.26)
[    0.742939] Key type asymmetric registered
[    0.743486] Asymmetric key parser 'x509' registered
[    0.744161] Block layer SCSI generic (bsg) driver version 0.4 loaded (major 246)
[    0.745376] io scheduler noop registered
[    0.745885] io scheduler deadline registered
[    0.746549] io scheduler cfq registered (default)
[    0.747502] ACPI: AC Adapter [AC] (on-line)
[    0.748233] input: Power Button as /devices/LNXSYSTM:00/LNXPWRBN:00/input/input0
[    0.749457] ACPI: Power Button [PWRF]
[    0.750092] input: Sleep Button as /devices/LNXSYSTM:00/LNXSLPBN:00/input/input1
[    0.751378] ACPI: Sleep Button [SLPF]
[    0.752321] Serial: 8250/16550 driver, 32 ports, IRQ sharing enabled
[    0.753195] ACPI: Battery Slot [BAT0] (battery present)
[    0.774986] 00:02: ttyS0 at I/O 0x3f8 (irq = 4, base_baud = 115200) is a 16550A
[    0.778896] Linux agpgart interface v0.103
[    0.781053] loop: module loaded
[    0.782381] scsi host0: ata_piix
[    0.782966] scsi host1: ata_piix
[    0.783555] ata1: PATA max UDMA/33 cmd 0x1f0 ctl 0x3f6 bmdma 0xd000 irq 14
[    0.784610] ata2: PATA max UDMA/33 cmd 0x170 ctl 0x376 bmdma 0xd008 irq 15
[    0.786053] libphy: Fixed MDIO Bus: probed
[    0.786755] tun: Universal TUN/TAP device driver, 1.6
[    0.787539] PPP generic driver version 2.4.2
[    0.788309] ehci_hcd: USB 2.0 'Enhanced' Host Controller (EHCI) Driver
[    0.789234] ehci-pci: EHCI PCI platform driver
[    0.789910] ehci-platform: EHCI generic platform driver
[    0.790675] ohci_hcd: USB 1.1 'Open' Host Controller (OHCI) Driver
[    0.791626] ohci-pci: OHCI PCI platform driver
[    0.792487] ohci-platform: OHCI generic platform driver
[    0.793314] uhci_hcd: USB Universal Host Controller Interface driver
[    0.794312] i8042: PNP: PS/2 Controller [PNP0303:PS2K,PNP0f03:PS2M] at 0x60,0x64 irq 1,12
[    0.795974] serio: i8042 KBD port at 0x60,0x64 irq 1
[    0.796894] serio: i8042 AUX port at 0x60,0x64 irq 12
[    0.797769] mousedev: PS/2 mouse device common for all mice
[    0.800685] input: AT Translated Set 2 keyboard as /devices/platform/i8042/serio0/input/input2
[    0.800880] rtc_cmos rtc_cmos: rtc core: registered rtc_cmos as rtc0
[    0.803345] rtc_cmos rtc_cmos: alarms up to one day, 114 bytes nvram
[    0.804232] i2c /dev entries driver
[    0.804870] device-mapper: uevent: version 1.0.3
[    0.805856] device-mapper: ioctl: 4.37.0-ioctl (2017-09-20) initialised: dm-devel@redhat.com
[    0.807238] ledtrig-cpu: registered to indicate activity on CPUs
[    0.808930] NET: Registered protocol family 10
[    0.815176] Segment Routing with IPv6
[    0.815962] NET: Registered protocol family 17
[    0.816847] Key type dns_resolver registered
[    0.817878] mce: Using 0 MCE banks
[    0.818530] RAS: Correctable Errors collector initialized.
[    0.819513] sched_clock: Marking stable (817849723, 0)->(1284162305, -466312582)
[    0.821522] registered taskstats version 1
[    0.822583] Loading compiled-in X.509 certificates
[    0.826675] Loaded X.509 cert 'Build time autogenerated kernel key: 0a1d29121daa2b7d2f161393c6dada9f3b0868f3'
[    0.828836] Loaded X.509 cert 'Canonical Ltd. Live Patch Signing: 14df34d1a87cf37625abec039ef2bf521249b969'
[    0.830707] Loaded X.509 cert 'Canonical Ltd. Kernel Module Signing: 88f752e560a1e0737e31163a466ad7b70a850c19'
[    0.832334] blacklist: Loading compiled-in revocation X.509 certificates
[    0.833485] Loaded X.509 cert 'Canonical Ltd. Secure Boot Signing: 61482aa2830d0ab2ad5af10b7250da9033ddcef0'
[    0.835374] zswap: loaded using pool lzo/zbud
[    0.841452] Key type big_key registered
[    0.842228] Key type trusted registered
[    0.845417] Key type encrypted registered
[    0.846252] AppArmor: AppArmor sha1 policy hashing enabled
[    0.847240] ima: No TPM chip found, activating TPM-bypass! (rc=-19)
[    0.848336] ima: Allocated hash algorithm: sha1
[    0.849203] evm: HMAC attrs: 0x1
[    0.850182]   Magic number: 14:334:432
[    0.851070] rtc_cmos rtc_cmos: setting system clock to 2022-03-08 13:25:20 UTC (1646745920)
[    0.852857] BIOS EDD facility v0.16 2004-Jun-25, 0 devices found
[    0.853997] EDD information not available.
[    0.989563] Freeing unused kernel image memory: 2476K
[    1.004181] Write protecting the kernel read-only data: 20480k
[    1.006757] Freeing unused kernel image memory: 2008K
[    1.008396] Freeing unused kernel image memory: 1820K
[    1.017328] x86/mm: Checked W+X mappings: passed, no W+X pages found.
Loading, please wait...
starting version 237
[    1.087032] e1000: Intel(R) PRO/1000 Network Driver - version 7.3.21-k8-NAPI
[    1.088246] e1000: Copyright (c) 1999-2006 Intel Corporation.
[    1.094750] Fusion MPT base driver 3.04.20
[    1.095568] Copyright (c) 1999-2008 LSI Corporation
[    1.099720] Fusion MPT SPI Host driver 3.04.20
[    1.105600] AVX2 version of gcm_enc/dec engaged.
[    1.106440] AES CTR mode by8 optimization enabled
[    1.298418] input: ImExPS/2 Generic Explorer Mouse as /devices/platform/i8042/serio1/input/input4
[    1.474111] e1000 0000:00:03.0 eth0: (PCI:33MHz:32-bit) 02:3c:f7:6e:ce:46
[    1.475530] e1000 0000:00:03.0 eth0: Intel(R) PRO/1000 Network Connection
[    1.883592] e1000 0000:00:08.0 eth1: (PCI:33MHz:32-bit) 08:00:27:4a:4f:dd
[    1.884729] e1000 0000:00:08.0 eth1: Intel(R) PRO/1000 Network Connection
[    1.887878] e1000 0000:00:03.0 enp0s3: renamed from eth0
[    1.889193] mptbase: ioc0: Initiating bringup
[    1.929675] e1000 0000:00:08.0 enp0s8: renamed from eth1
[    1.985108] ioc0: LSI53C1030 A0: Capabilities={Initiator}
[    2.609884] scsi host2: ioc0: LSI53C1030 A0, FwRev=00000000h, Ports=1, MaxQ=256, IRQ=20
[    3.513081] scsi 2:0:0:0: Direct-Access     VBOX     HARDDISK         1.0  PQ: 0 ANSI: 5
[    3.648765] scsi target2:0:0: Beginning Domain Validation
[    3.650758] scsi target2:0:0: Domain Validation skipping write tests
[    3.652925] scsi target2:0:0: Ending Domain Validation
[    3.655486] scsi target2:0:0: asynchronous
[    3.658136] scsi 2:0:1:0: Direct-Access     VBOX     HARDDISK         1.0  PQ: 0 ANSI: 5
[    3.804714] scsi target2:0:1: Beginning Domain Validation
[    3.807094] random: fast init done
[    3.807940] scsi target2:0:1: Domain Validation skipping write tests
[    3.809047] scsi target2:0:1: Ending Domain Validation
[    3.810072] scsi target2:0:1: asynchronous
[    3.814935] random: systemd-udevd: uninitialized urandom read (16 bytes read)
[    3.816206] random: systemd-udevd: uninitialized urandom read (16 bytes read)
[    3.817513] random: systemd-udevd: uninitialized urandom read (16 bytes read)
[    3.819001] sd 2:0:0:0: Attached scsi generic sg0 type 0
[    3.819279] sd 2:0:0:0: [sda] 83886080 512-byte logical blocks: (42.9 GB/40.0 GiB)
[    3.822806] sd 2:0:0:0: [sda] Write Protect is off
[    3.823773] sd 2:0:1:0: Attached scsi generic sg1 type 0
[    3.824071] sd 2:0:0:0: [sda] Incomplete mode parameter data
[    3.826098] sd 2:0:0:0: [sda] Assuming drive cache: write through
[    3.827104] sd 2:0:1:0: [sdb] 20480 512-byte logical blocks: (10.5 MB/10.0 MiB)
[    3.828886] sd 2:0:1:0: [sdb] Write Protect is off
[    3.829880] sd 2:0:1:0: [sdb] Incomplete mode parameter data
[    3.830684] sd 2:0:1:0: [sdb] Assuming drive cache: write through
[    3.837416]  sda: sda1
[    3.838621] sd 2:0:0:0: [sda] Attached SCSI disk
[    4.617023] sd 2:0:1:0: [sdb] Attached SCSI disk
Begin: Loading essential drivers ... [    6.393608] raid6: sse2x1   gen()  6195 MB/s
[    6.440818] raid6: sse2x1   xor()  4314 MB/s
[    6.489592] raid6: sse2x2   gen()  7415 MB/s
[    6.536687] raid6: sse2x2   xor()  6156 MB/s
[    6.584187] raid6: sse2x4   gen() 10418 MB/s
[    6.632584] raid6: sse2x4   xor()  7872 MB/s
[    6.680584] raid6: avx2x1   gen() 15073 MB/s
[    6.728594] raid6: avx2x1   xor() 10287 MB/s
[    6.776595] raid6: avx2x2   gen() 17354 MB/s
[    6.825585] raid6: avx2x2   xor() 13805 MB/s
[    6.873612] raid6: avx2x4   gen() 17038 MB/s
[    6.920586] raid6: avx2x4   xor()  9194 MB/s
[    6.921581] raid6: using algorithm avx2x2 gen() 17354 MB/s
[    6.922793] raid6: .... xor() 13805 MB/s, rmw enabled
[    6.923993] raid6: using avx2x2 recovery algorithm
[    6.926857] xor: automatically using best checksumming function   avx       
[    6.929505] async_tx: api initialized (async)
done.
Begin: Running /scripts/init-premount ... done.
Begin: Mounting root file system ... Begin: Running /scripts/local-top ... done.
Begin: Running /scripts/local-premount ... [    6.986846] Btrfs loaded, crc32c=crc32c-intel
Scanning for Btrfs filesystems
done.
Warning: fsck not present, so skipping root file system
[    7.839217] EXT4-fs (sda1): mounted filesystem with ordered data mode. Opts: (null)
done.
Begin: Running /scripts/local-bottom ... done.
Begin: Running /scripts/init-bottom ... done.
[    9.006340] random: crng init done
[    9.007039] random: 7 urandom warning(s) missed due to ratelimiting
[    9.548031] ip_tables: (C) 2000-2006 Netfilter Core Team
[    9.739249] systemd[1]: systemd 237 running in system mode. (+PAM +AUDIT +SELINUX +IMA +APPARMOR +SMACK +SYSVINIT +UTMP +LIBCRYPTSETUP +GCRYPT +GNUTLS +ACL +XZ +LZ4 +SECCOMP +BLKID +ELFUTILS +KMOD -IDN2 +IDN -PCRE2 default-hierarchy=hybrid)
[    9.743682] systemd[1]: Detected virtualization oracle.
[    9.744635] systemd[1]: Detected architecture x86-64.

Welcome to [1mUbuntu 18.04.6 LTS[0m!

[    9.771389] systemd[1]: Set hostname to <ubuntu-bionic>.
[   12.169779] systemd[1]: Reached target Swap.
[[0;32m  OK  [0m] Reached target Swap.
[   12.171374] systemd[1]: Started Forward Password Requests to Wall Directory Watch.
[[0;32m  OK  [0m] Started Forward Password Requests to Wall Directory Watch.
[   12.173530] systemd[1]: Set up automount Arbitrary Executable File Formats File System Automount Point.
[[0;32m  OK  [0m] Set up automount Arbitrary Executab…rmats File System Automount Point.
[   12.177924] systemd[1]: Created slice System Slice.
[[0;32m  OK  [0m] Created slice System Slice.
[   12.179317] systemd[1]: Listening on Journal Socket.
[[0;32m  OK  [0m] Listening on Journal Socket.
[   12.181528] systemd[1]: Mounting Huge Pages File System...
         Mounting Huge Pages File System...
[[0;32m  OK  [0m] Listening on Syslog Socket.
         Starting Uncomplicated firewall...
[[0;32m  OK  [0m] Listening on /dev/initctl Compatibility Named Pipe.
[[0;32m  OK  [0m] Created slice system-serial\x2dgetty.slice.
[[0;32m  OK  [0m] Listening on fsck to fsckd communication Socket.
[[0;32m  OK  [0m] Listening on udev Kernel Socket.
         Starting Set the console keyboard layout...
         Mounting Kernel Debug File System...
[[0;32m  OK  [0m] Listening on LVM2 poll daemon socket.
[[0;32m  OK  [0m] Created slice User and Session Slice.
[[0;32m  OK  [0m] Listening on LVM2 metadata daemon socket.
[[0;32m  OK  [0m] Reached target User and Group Name Lookups.
[[0;32m  OK  [0m] Listening on udev Control Socket.
         Starting udev Coldplug all Devices...
         Starting Create list of required st…ce nodes for the current kernel...
         Mounting POSIX Message Queue File System...
[[0;32m  OK  [0m] Reached target System Time Synchronized.
[[0;32m  OK  [0m] Listening on Journal Socket (/dev/log).
[[0;32m  OK  [0m] Listening on Journal Audit Socket.
         Starting Journal Service...
         Starting Load Kernel Modules...
[[0;32m  OK  [0m] Reached target Slices.
[[0;32m  OK  [0m] Listening on Network Service Netlink Socket.
[[0;32m  OK  [0m] Listening on Device-mapper event daemon FIFOs.
         Starting Monitoring of LVM2 mirrors…ng dmeventd or progress polling...
         Starting File System Check on Root Device...
[[0;32m  OK  [0m] Mounted Huge Pages File System.
[[0;32m  OK  [0m] Mounted Kernel Debug File System.
[[0;32m  OK  [0m] Mounted POSIX Message Queue File System.
[[0;32m  OK  [0m] Started Uncomplicated firewall.
[[0;32m  OK  [0m] Started Create list of required sta…vice nodes for the current kernel.
         Starting Create Static Device Nodes in /dev...
[[0;32m  OK  [0m] Started udev Coldplug all Devices.
[[0;32m  OK  [0m] Started Journal Service.
[[0;32m  OK  [0m] Started File System Check Daemon to report status.
[[0;32m  OK  [0m] Started File System Check on Root Device.
         Starting Remount Root and Kernel File Systems...
[   12.545094] Loading iSCSI transport class v2.0-870.
[   12.563698] iscsi: registered transport (tcp)
[[0;32m  OK  [0m] Started Create Static Device Nodes in /dev.
[   12.706830] EXT4-fs (sda1): re-mounted. Opts: (null)
[[0;32m  OK  [0m] Started Remount Root and Kernel File Systems.
[   12.716955] iscsi: registered transport (iser)
         Starting udev Kernel Device Manager...
         Starting Flush Journal to Persistent Storage...
         Starting Load/Save Random Seed...
[[0;32m  OK  [0m] Started Load Kernel Modules.
         Starting Apply Kernel Variables...
         Mounting Kernel Configuration File System...
         Mounting FUSE Control File System...
[[0;32m  OK  [0m] Mounted Kernel Configuration File System.
[[0;32m  OK  [0m] Mounted FUSE Control File System.
[[0;32m  OK  [0m] Started LVM2 metadata daemon.
[[0;32m  OK  [0m] Started Load/Save Random Seed.
[   12.939481] systemd-journald[409]: Received request to flush runtime journal from PID 1
[[0;32m  OK  [0m] Started Apply Kernel Variables.
[[0;32m  OK  [0m] Started Monitoring of LVM2 mirrors,…sing dmeventd or progress polling.
[[0;32m  OK  [0m] Started udev Kernel Device Manager.
[[0;32m  OK  [0m] Found device /dev/ttyS0.
[[0;32m  OK  [0m] Listening on Load/Save RF Kill Switch Status /dev/rfkill Watch.
[[0;32m  OK  [0m] Started Set the console keyboard layout.
[[0;32m  OK  [0m] Reached target Local File Systems (Pre).
[[0;32m  OK  [0m] Reached target Local File Systems.
         Starting Set console font and keymap...
         Starting Tell Plymouth To Write Out Runtime Data...
         Starting ebtables ruleset management...
         Starting AppArmor initialization...
[[0;32m  OK  [0m] Started Dispatch Password Requests to Console Directory Watch.
[[0;32m  OK  [0m] Reached target Local Encrypted Volumes.
[[0;32m  OK  [0m] Started Set console font and keymap.
[[0;32m  OK  [0m] Started Tell Plymouth To Write Out Runtime Data.
[[0;32m  OK  [0m] Started Flush Journal to Persistent Storage.
         Starting Create Volatile Files and Directories...
[[0;32m  OK  [0m] Started Create Volatile Files and Directories.
         Starting Update UTMP about System Boot/Shutdown...
[[0;32m  OK  [0m] Started Update UTMP about System Boot/Shutdown.
[[0;32m  OK  [0m] Started ebtables ruleset management.
[[0;32m  OK  [0m] Started AppArmor initialization.
         Starting Initial cloud-init job (pre-networking)...
         Starting Load AppArmor profiles managed internally by snapd...
[[0;32m  OK  [0m] Started Load AppArmor profiles managed internally by snapd.
[   26.999101] cloud-init[766]: Cloud-init v. 21.4-0ubuntu1~18.04.1 running 'init-local' at Tue, 08 Mar 2022 13:25:45 +0000. Up 26.24 seconds.
[[0;32m  OK  [0m] Started Initial cloud-init job (pre-networking).
[[0;32m  OK  [0m] Reached target Network (Pre).
         Starting Network Service...
[[0;32m  OK  [0m] Started Network Service.
         Starting Network Name Resolution...
         Starting Wait for Network to be Configured...
[[0;32m  OK  [0m] Started Network Name Resolution.
[[0;32m  OK  [0m] Reached target Network.
[[0;32m  OK  [0m] Reached target Host and Network Name Lookups.
[[0;32m  OK  [0m] Started Wait for Network to be Configured.
         Starting Initial cloud-init job (metadata service crawler)...
[   31.344391] cloud-init[906]: Cloud-init v. 21.4-0ubuntu1~18.04.1 running 'init' at Tue, 08 Mar 2022 13:25:50 +0000. Up 31.08 seconds.
[   31.345809] cloud-init[906]: ci-info: ++++++++++++++++++++++++++++++++++++++++++++Net device info++++++++++++++++++++++++++++++++++++++++++++
[   31.346671] cloud-init[906]: ci-info: +--------+------+----------------------------------------+---------------+--------+-------------------+
[   31.356653] cloud-init[906]: ci-info: | Device |  Up  |                Address                 |      Mask     | Scope  |     Hw-Address    |
[   31.358533] cloud-init[906]: ci-info: +--------+------+----------------------------------------+---------------+--------+-------------------+
[   31.360236] cloud-init[906]: ci-info: | enp0s3 | True |               10.0.2.15                | 255.255.255.0 | global | 02:3c:f7:6e:ce:46 |
[   31.362064] cloud-init[906]: ci-info: | enp0s3 | True |       fe80::3c:f7ff:fe6e:ce46/64       |       .       |  link  | 02:3c:f7:6e:ce:46 |
[   31.363336] cloud-init[906]: ci-info: | enp0s8 | True |             192.168.1.114              | 255.255.255.0 | global | 08:00:27:4a:4f:dd |
[   31.378444] cloud-init[906]: ci-info: | enp0s8 | True | 2a01:e0a:e2:e940:a00:27ff:fe4a:4fdd/64 |       .       | global | 08:00:27:4a:4f:dd |
[   31.380715] cloud-init[906]: ci-info: | enp0s8 | True |      fe80::a00:27ff:fe4a:4fdd/64       |       .       |  link  | 08:00:27:4a:4f:dd |
[   31.382312] cloud-init[906]: ci-info: |   lo   | True |               127.0.0.1                |   255.0.0.0   |  host  |         .         |
[   31.383622] cloud-init[906]: ci-info: |   lo   | True |                ::1/128                 |       .       |  host  |         .         |
[   31.385167] cloud-init[906]: ci-info: +--------+------+----------------------------------------+---------------+--------+-------------------+
[   31.386736] cloud-init[906]: ci-info: ++++++++++++++++++++++++++++++++Route IPv4 info++++++++++++++++++++++++++++++++
[   31.388164] cloud-init[906]: ci-info: +-------+---------------+---------------+-----------------+-----------+-------+
[   31.389645] cloud-init[906]: ci-info: | Route |  Destination  |    Gateway    |     Genmask     | Interface | Flags |
[   31.391130] cloud-init[906]: ci-info: +-------+---------------+---------------+-----------------+-----------+-------+
[   31.392595] cloud-init[906]: ci-info: |   0   |    0.0.0.0    |    10.0.2.2   |     0.0.0.0     |   enp0s3  |   UG  |
[   31.393921] cloud-init[906]: ci-info: |   1   |    0.0.0.0    | 192.168.1.254 |     0.0.0.0     |   enp0s8  |   UG  |
[   31.394914] cloud-init[906]: ci-info: |   2   |    10.0.2.0   |    0.0.0.0    |  255.255.255.0  |   enp0s3  |   U   |
[   31.396159] cloud-init[906]: ci-info: |   3   |    10.0.2.2   |    0.0.0.0    | 255.255.255.255 |   enp0s3  |   UH  |
[   31.397419] cloud-init[906]: ci-info: |   4   |  192.168.1.0  |    0.0.0.0    |  255.255.255.0  |   enp0s8  |   U   |
[   31.398464] cloud-init[906]: ci-info: |   5   | 192.168.1.254 |    0.0.0.0    | 255.255.255.255 |   enp0s8  |   UH  |
[   31.399582] cloud-init[906]: ci-info: +-------+---------------+---------------+-----------------+-----------+-------+
[   31.400533] cloud-init[906]: ci-info: +++++++++++++++++++++++++++++++++Route IPv6 info+++++++++++++++++++++++++++++++++
[   31.401739] cloud-init[906]: ci-info: +-------+-----------------------+---------------------------+-----------+-------+
[   31.412289] cloud-init[906]: ci-info: | Route |      Destination      |          Gateway          | Interface | Flags |
[   31.413802] cloud-init[906]: ci-info: +-------+-----------------------+---------------------------+-----------+-------+
[   31.415530] cloud-init[906]: ci-info: |   1   | 2a01:e0a:e2:e940::/64 |             ::            |   enp0s8  |   U   |
[   31.417168] cloud-init[906]: ci-info: |   2   |       fe80::/64       |             ::            |   enp0s8  |   U   |
[   31.418460] cloud-init[906]: ci-info: |   3   |       fe80::/64       |             ::            |   enp0s3  |   U   |
[   31.420351] cloud-init[906]: ci-info: |   4   |          ::/0         | fe80::8e97:eaff:fe34:9343 |   enp0s8  |   UG  |
[   31.422156] cloud-init[906]: ci-info: |   6   |         local         |             ::            |   enp0s8  |   U   |
[   31.423571] cloud-init[906]: ci-info: |   7   |         local         |             ::            |   enp0s3  |   U   |
[   31.424900] cloud-init[906]: ci-info: |   8   |         local         |             ::            |   enp0s8  |   U   |
[   31.426090] cloud-init[906]: ci-info: |   9   |        ff00::/8       |             ::            |   enp0s8  |   U   |
[   31.427177] cloud-init[906]: ci-info: |   10  |        ff00::/8       |             ::            |   enp0s3  |   U   |
[   31.428311] cloud-init[906]: ci-info: +-------+-----------------------+---------------------------+-----------+-------+
[[0;32m  OK  [0m] Started Initial cloud-init job (metadata service crawler).
[[0;32m  OK  [0m] Reached target Cloud-config availability.
[[0;32m  OK  [0m] Reached target Network is Online.
         Starting Availability of block devices...
[[0;32m  OK  [0m] Reached target Remote File Systems (Pre).
         Mounting /vagrant...
[[0;32m  OK  [0m] Reached target System Initialization.
[[0;32m  OK  [0m] Listening on Open-iSCSI iscsid Socket.
         Starting Socket activation for snappy daemon.
[[0;32m  OK  [0m] Listening on D-Bus System Message Bus Socket.
[[0;32m  OK  [0m] Started Message of the Day.
[[0;32m  OK  [0m] Listening on cloud-init hotplug hook socket.
[[0;32m  OK  [0m] Started Trigger to poll for Ubuntu …(Only enabled on GCP LTS non-pro).
         Starting LXD - unix socket.
[[0;32m  OK  [0m] Started Daily apt download activities.
[[0;32m  OK  [0m] Started Daily apt upgrade and clean activities.
[[0;32m  OK  [0m] Listening on ACPID Listen Socket.
[[0;32m  OK  [0m] Started Daily Cleanup of Temporary Directories.
[[0;32m  OK  [0m] Started ACPI Events Check.
[[0;32m  OK  [0m] Reached target Paths.
[[0;32m  OK  [0m] Started Discard unused blocks once a week.
[[0;32m  OK  [0m] Started Ubuntu Advantage Timer for running repeated jobs.
[[0;32m  OK  [0m] Reached target Timers.
[[0;32m  OK  [0m] Listening on UUID daemon activation socket.
[[0;32m  OK  [0m] Started Availability of block devices.
[[0;32m  OK  [0m] Mounted /vagrant.
[[0;32m  OK  [0m] Listening on Socket activation for snappy daemon.
[[0;32m  OK  [0m] Listening on LXD - unix socket.
[[0;32m  OK  [0m] Reached target Sockets.
[[0;32m  OK  [0m] Reached target Basic System.
[[0;32m  OK  [0m] Started Deferred execution scheduler.
         Starting Login Service...
         Starting System Logging Service...
         Starting LXD - container startup/shutdown...
[[0;32m  OK  [0m] Started irqbalance daemon.
[[0;32m  OK  [0m] Started Regular background program processing daemon.
[[0;32m  OK  [0m] Started FUSE filesystem for LXC.
         Starting Dispatcher daemon for systemd-networkd...
         Starting Asterisk PBX...
         Starting Disk Manager...
         Starting LSB: Record successful boot for GRUB...
[[0;32m  OK  [0m] Started D-Bus System Message Bus.
[[0;32m  OK  [0m] Started Login Service.
[[0;32m  OK  [0m] Started Unattended Upgrades Shutdown.
         Starting Accounts Service...
         Starting Snap Daemon...
         Starting Virtualbox guest utils...
         Starting OpenBSD Secure Shell server...
[[0;32m  OK  [0m] Reached target Remote File Systems.
         Starting Permit User Sessions...
         Starting LSB: automatic crash report generation...
[[0;32m  OK  [0m] Started System Logging Service.
[[0;32m  OK  [0m] Started Permit User Sessions.
         Starting Hold until boot process finishes up...
         Starting Terminate Plymouth Boot Screen...
[[0;32m  OK  [0m] Started Hold until boot process finishes up.
[[0;32m  OK  [0m] Started Serial Getty on ttyS0.
         Starting Set console scheme...
[[0;32m  OK  [0m] Started Terminate Plymouth Boot Screen.
[[0;32m  OK  [0m] Started Set console scheme.
[[0;32m  OK  [0m] Created slice system-getty.slice.
[[0;32m  OK  [0m] Started Getty on tty1.
[[0;32m  OK  [0m] Reached target Login Prompts.
[[0;32m  OK  [0m] Started LSB: Record successful boot for GRUB.
[[0;32m  OK  [0m] Started LSB: automatic crash report generation.
[[0;32m  OK  [0m] Started Virtualbox guest utils.
         Starting Authorization Manager...
[[0;32m  OK  [0m] Started OpenBSD Secure Shell server.
[[0;32m  OK  [0m] Started Dispatcher daemon for systemd-networkd.
[[0;32m  OK  [0m] Started Authorization Manager.
[[0;32m  OK  [0m] Started Accounts Service.
[[0;32m  OK  [0m] Started Disk Manager.
[[0;32m  OK  [0m] Started LXD - container startup/shutdown.
[[0;32m  OK  [0m] Created slice User Slice of vagrant.
         Starting User Manager for UID 1000...
[[0;32m  OK  [0m] Started Session 1 of user vagrant.

Ubuntu 18.04.6 LTS ubuntu-bionic ttyS0

ubuntu-bionic login: [   42.375427] cloud-init[1600]: Cloud-init v. 21.4-0ubuntu1~18.04.1 running 'modules:config' at Tue, 08 Mar 2022 13:26:01 +0000. Up 41.82 seconds.
[   51.901491] cloud-init[2211]: Cloud-init v. 21.4-0ubuntu1~18.04.1 running 'modules:final' at Tue, 08 Mar 2022 13:26:11 +0000. Up 51.68 seconds.
[   51.903201] cloud-init[2211]: Cloud-init v. 21.4-0ubuntu1~18.04.1 finished at Tue, 08 Mar 2022 13:26:11 +0000. Datasource DataSourceNoCloud [seed=/dev/sdb][dsmode=net].  Up 51.89 seconds
